<?xml version="1.0" encoding="UTF-8"?>
<!-- Generated by org.testng.reporters.JUnitXMLReporter -->
<testsuite ignored="13" hostname="KIRAN-SARASWAT" failures="1" tests="2" name="Test" time="10.297" errors="0" timestamp="2025-06-16T16:22:28 IST">
  <testcase classname="clientreview.Login" name="validLoginDetailsCheck" time="1.539"/>
  <testcase classname="clientreview.NaviagtionToClientReview" name="searchWithValidEmail" time="0.007">
    <failure type="java.lang.NullPointerException" message="Cannot invoke &amp;quot;org.openqa.selenium.WebElement.click()&amp;quot; because &amp;quot;this.OpenSideMenu&amp;quot; is null">
      <![CDATA[java.lang.NullPointerException: Cannot invoke "org.openqa.selenium.WebElement.click()" because "this.OpenSideMenu" is null
at com.clientreview.pages.NavigationToClientReviewPage.OpenSideMenuScreen(NavigationToClientReviewPage.java:20)
at basepackage.Base.OpenSideMenu(Base.java:105)
at clientreview.NaviagtionToClientReview.searchWithValidEmail(NaviagtionToClientReview.java:24)
at java.base/java.util.ArrayList.forEach(ArrayList.java:1596)
... Removed 25 stack frames]]>
    </failure>
  </testcase> <!-- searchWithValidEmail -->
  <testcase classname="clientreview.Login" name="blankPasswordDetails" time="0.0">
    <ignored/>
  </testcase> <!-- blankPasswordDetails -->
  <testcase classname="clientreview.Login" name="invalidPasswordDetails" time="0.0">
    <ignored/>
  </testcase> <!-- invalidPasswordDetails -->
  <testcase classname="clientreview.Login" name="validLoginDetails" time="0.0">
    <ignored/>
  </testcase> <!-- validLoginDetails -->
  <testcase classname="clientreview.Login" name="invalidPasswordDetails" time="0.0">
    <ignored/>
  </testcase> <!-- invalidPasswordDetails -->
  <testcase classname="clientreview.Login" name="blankPasswordEmailDetails" time="0.0">
    <ignored/>
  </testcase> <!-- blankPasswordEmailDetails -->
  <testcase classname="clientreview.Login" name="blankEmailDetails" time="0.0">
    <ignored/>
  </testcase> <!-- blankEmailDetails -->
  <testcase classname="clientreview.Login" name="invalidEmailDetails" time="0.0">
    <ignored/>
  </testcase> <!-- invalidEmailDetails -->
  <testcase classname="clientreview.Login" name="invalidEmailDetails" time="0.0">
    <ignored/>
  </testcase> <!-- invalidEmailDetails -->
  <testcase classname="clientreview.Login" name="blankEmailDetails" time="0.0">
    <ignored/>
  </testcase> <!-- blankEmailDetails -->
  <testcase classname="clientreview.Login" name="blankPasswordEmailDetails" time="0.0">
    <ignored/>
  </testcase> <!-- blankPasswordEmailDetails -->
  <testcase classname="clientreview.Login" name="validLoginDetails" time="0.0">
    <ignored/>
  </testcase> <!-- validLoginDetails -->
  <testcase classname="clientreview.Login" name="validLoginDetailsCheck" time="0.0">
    <ignored/>
  </testcase> <!-- validLoginDetailsCheck -->
  <testcase classname="clientreview.Login" name="blankPasswordDetails" time="0.0">
    <ignored/>
  </testcase> <!-- blankPasswordDetails -->
</testsuite> <!-- Test -->
